<?xml version="1.0" encoding="UTF-8"?>
<!-- Generated by org.testng.reporters.JUnitXMLReporter -->
<testsuite ignored="1" hostname="Tim-Desktop" failures="0" tests="2" name="Default test" time="0.692" errors="0" timestamp="2022-09-11T22:03:37 IDT">
  <testcase classname="JIRA.JiraTest" name="Test1LoginAndAddComment" time="0.406"/>
  <testcase classname="JIRA.JiraTest" name="Test3GetIssueDetails" time="0.266"/>
  <testcase classname="JIRA.JiraTest" name="Test2AddAttachment" time="0.0">
    <ignored/>
  </testcase> <!-- Test2AddAttachment -->
</testsuite> <!-- Default test -->
