<?xml version="1.0" encoding="UTF-8"?>
<!-- Generated by org.testng.reporters.JUnitXMLReporter -->
<testsuite ignored="0" hostname="Tim-Desktop" failures="0" tests="6" name="Default test" time="6.052" errors="0" timestamp="2022-09-05T22:45:12 IDT">
  <testcase classname="DynamicJson" name="addBook" time="2.138"/>
  <testcase classname="DynamicJson" name="addBook" time="0.801"/>
  <testcase classname="DynamicJson" name="addBook" time="0.752"/>
  <testcase classname="DynamicJson" name="deleteBook" time="0.806"/>
  <testcase classname="DynamicJson" name="deleteBook" time="0.699"/>
  <testcase classname="DynamicJson" name="deleteBook" time="0.818"/>
</testsuite> <!-- Default test -->
