<?xml version="1.0" encoding="UTF-8"?>
<testng-results ignored="1" total="3" passed="2" failed="0" skipped="0">
  <reporter-output>
  </reporter-output>
  <suite started-at="2022-09-11T22:03:36 IDT" name="Default suite" finished-at="2022-09-11T22:03:37 IDT" duration-ms="692">
    <groups>
    </groups>
    <test started-at="2022-09-11T22:03:36 IDT" name="Default test" finished-at="2022-09-11T22:03:37 IDT" duration-ms="692">
      <class name="JIRA.JiraTest">
        <test-method is-config="true" signature="login()[pri:0, instance:JIRA.JiraTest@14dd9eb7]" started-at="2022-09-11T22:03:35 IDT" name="login" finished-at="2022-09-11T22:03:36 IDT" duration-ms="814" status="PASS">
          <reporter-output>
          </reporter-output>
        </test-method> <!-- login -->
        <test-method signature="Test1LoginAndAddComment()[pri:0, instance:JIRA.JiraTest@14dd9eb7]" started-at="2022-09-11T22:03:36 IDT" name="Test1LoginAndAddComment" finished-at="2022-09-11T22:03:36 IDT" duration-ms="406" status="PASS">
          <reporter-output>
          </reporter-output>
        </test-method> <!-- Test1LoginAndAddComment -->
        <test-method signature="Test3GetIssueDetails()[pri:0, instance:JIRA.JiraTest@14dd9eb7]" started-at="2022-09-11T22:03:36 IDT" name="Test3GetIssueDetails" finished-at="2022-09-11T22:03:37 IDT" duration-ms="266" status="PASS">
          <reporter-output>
          </reporter-output>
        </test-method> <!-- Test3GetIssueDetails -->
      </class> <!-- JIRA.JiraTest -->
    </test> <!-- Default test -->
  </suite> <!-- Default suite -->
</testng-results>
