<?xml version="1.0" encoding="UTF-8"?>
<testng-results ignored="0" total="6" passed="6" failed="0" skipped="0">
  <reporter-output>
  </reporter-output>
  <suite started-at="2022-09-05T22:45:06 IDT" name="Default suite" finished-at="2022-09-05T22:45:12 IDT" duration-ms="6052">
    <groups>
    </groups>
    <test started-at="2022-09-05T22:45:06 IDT" name="Default test" finished-at="2022-09-05T22:45:12 IDT" duration-ms="6052">
      <class name="DynamicJson">
        <test-method signature="addBook(java.lang.String,java.lang.String)[pri:0, instance:DynamicJson@c33b74f]" started-at="2022-09-05T22:45:06 IDT" name="addBook" data-provider="BooksData" finished-at="2022-09-05T22:45:08 IDT" duration-ms="2138" status="PASS">
          <params>
            <param index="0">
              <value>
                <![CDATA[uioas]]>
              </value>
            </param>
            <param index="1">
              <value>
                <![CDATA[232]]>
              </value>
            </param>
          </params>
          <reporter-output>
          </reporter-output>
        </test-method> <!-- addBook -->
        <test-method signature="addBook(java.lang.String,java.lang.String)[pri:0, instance:DynamicJson@c33b74f]" started-at="2022-09-05T22:45:08 IDT" name="addBook" data-provider="BooksData" finished-at="2022-09-05T22:45:09 IDT" duration-ms="801" status="PASS">
          <params>
            <param index="0">
              <value>
                <![CDATA[yuifg]]>
              </value>
            </param>
            <param index="1">
              <value>
                <![CDATA[585]]>
              </value>
            </param>
          </params>
          <reporter-output>
          </reporter-output>
        </test-method> <!-- addBook -->
        <test-method signature="addBook(java.lang.String,java.lang.String)[pri:0, instance:DynamicJson@c33b74f]" started-at="2022-09-05T22:45:09 IDT" name="addBook" data-provider="BooksData" finished-at="2022-09-05T22:45:10 IDT" duration-ms="752" status="PASS">
          <params>
            <param index="0">
              <value>
                <![CDATA[qwevb]]>
              </value>
            </param>
            <param index="1">
              <value>
                <![CDATA[989]]>
              </value>
            </param>
          </params>
          <reporter-output>
          </reporter-output>
        </test-method> <!-- addBook -->
        <test-method signature="deleteBook(java.lang.String,java.lang.String)[pri:0, instance:DynamicJson@c33b74f]" started-at="2022-09-05T22:45:10 IDT" name="deleteBook" data-provider="BooksData" finished-at="2022-09-05T22:45:10 IDT" duration-ms="806" status="PASS">
          <params>
            <param index="0">
              <value>
                <![CDATA[uioas]]>
              </value>
            </param>
            <param index="1">
              <value>
                <![CDATA[232]]>
              </value>
            </param>
          </params>
          <reporter-output>
          </reporter-output>
        </test-method> <!-- deleteBook -->
        <test-method signature="deleteBook(java.lang.String,java.lang.String)[pri:0, instance:DynamicJson@c33b74f]" started-at="2022-09-05T22:45:10 IDT" name="deleteBook" data-provider="BooksData" finished-at="2022-09-05T22:45:11 IDT" duration-ms="699" status="PASS">
          <params>
            <param index="0">
              <value>
                <![CDATA[yuifg]]>
              </value>
            </param>
            <param index="1">
              <value>
                <![CDATA[585]]>
              </value>
            </param>
          </params>
          <reporter-output>
          </reporter-output>
        </test-method> <!-- deleteBook -->
        <test-method signature="deleteBook(java.lang.String,java.lang.String)[pri:0, instance:DynamicJson@c33b74f]" started-at="2022-09-05T22:45:11 IDT" name="deleteBook" data-provider="BooksData" finished-at="2022-09-05T22:45:12 IDT" duration-ms="818" status="PASS">
          <params>
            <param index="0">
              <value>
                <![CDATA[qwevb]]>
              </value>
            </param>
            <param index="1">
              <value>
                <![CDATA[989]]>
              </value>
            </param>
          </params>
          <reporter-output>
          </reporter-output>
        </test-method> <!-- deleteBook -->
      </class> <!-- DynamicJson -->
    </test> <!-- Default test -->
  </suite> <!-- Default suite -->
</testng-results>
